#
# A fatal error has been detected by the Java Runtime Environment:
#
#  EXCEPTION_ACCESS_VIOLATION (0xc0000005) at pc=0x00007fff6d14f46d, pid=2136, tid=7396
#
# JRE version: Java(TM) SE Runtime Environment (10.0.1+10) (build 10.0.1+10)
# Java VM: Java HotSpot(TM) 64-Bit Server VM (10.0.1+10, mixed mode, tiered, compressed oops, g1 gc, windows-amd64)
# Problematic frame:
# C  [lwjgl_opengl.dll+0xf46d]
#
# No core dump will be written. Minidumps are not enabled by default on client versions of Windows
#
# If you would like to submit a bug report, please visit:
#   http://bugreport.java.com/bugreport/crash.jsp
# The crash happened outside the Java Virtual Machine in native code.
# See problematic frame for where to report the bug.
#

---------------  S U M M A R Y ------------

Command Line: -Dfile.encoding=UTF-8 main.Main

Host: Intel(R) Core(TM) i7-6700HQ CPU @ 2.60GHz, 8 cores, 7G,  Windows 10 , 64 bit Build 14393 (10.0.14393.2214)
Time: Sun Jul 08 10:19:01 2018 Mitteleuropäische Sommerzeit elapsed time: 0 seconds (0d 0h 0m 0s)

---------------  T H R E A D  ---------------

Current thread (0x0000024748c24800):  JavaThread "FlappyBird" [_thread_in_native, id=7396, stack(0x0000004d24200000,0x0000004d24300000)]

Stack: [0x0000004d24200000,0x0000004d24300000],  sp=0x0000004d242febd8,  free space=1018k
Native frames: (J=compiled Java code, j=interpreted, Vv=VM code, C=native code)
C  [lwjgl_opengl.dll+0xf46d]

Java frames: (J=compiled Java code, j=interpreted, Vv=VM code)
j  org.lwjgl.opengl.GL11.nglGenTextures(IJ)V+0
j  org.lwjgl.opengl.GL11.glGenTextures()I+20
J 1184% c1 graphics.Texture.load(Ljava/lang/String;)I (278 bytes) @ 0x0000024731ae2134 [0x0000024731ae18c0+0x0000000000000874]
j  graphics.Texture.<init>(Ljava/lang/String;)V+7
j  graphics.Startscreen.drawStartScreen()V+6
j  graphics.View.init()V+119
j  graphics.View.run()V+25
j  java.lang.Thread.run()V+11 java.base@10.0.1
v  ~StubRoutines::call_stub

siginfo: EXCEPTION_ACCESS_VIOLATION (0xc0000005), reading address 0x0000000000000f58


Register to memory mapping:

RIP=0x00007fff6d14f46d lwjgl_opengl.dll
RAX=0x00000000693bde50 jvm.dll
RBX={method} {0x000002474f0b7588} 'nglGenTextures' '(IJ)V' in 'org/lwjgl/opengl/GL11'
RCX=0x0000000000000001 is an unknown value
RDX=0x0000024748f5a84c is an unknown value
RSP=0x0000004d242febd8 is pointing into the stack for thread: 0x0000024748c24800
RBP=0x0000004d242fec60 is pointing into the stack for thread: 0x0000024748c24800
RSI=0x00000000000011a8 is an unknown value
RDI=0x000002473131a103 is at code_begin+2307 in an Interpreter codelet
invoke return entry points  [0x0000024731319800, 0x000002473131a1e0]  2528 bytes
R8 =0x0000000000000001 is an unknown value
R9 =0x0000024748f5a84c is an unknown value
R10=0x0000000000000000 is an unknown value
R11=0x0000000088ae36f8 is an oop
java.lang.Class 
{0x0000000088ae36f8} - klass: 'java/lang/Class'
R12=0x0000000000000000 is an unknown value
R13={method} {0x000002474f0b7588} 'nglGenTextures' '(IJ)V' in 'org/lwjgl/opengl/GL11'
R14=0x0000004d242fec90 is pointing into the stack for thread: 0x0000024748c24800
R15=0x0000024748c24800 is a thread


Registers:
RAX=0x00000000693bde50, RBX=0x000002474f0b7580, RCX=0x0000000000000001, RDX=0x0000024748f5a84c
RSP=0x0000004d242febd8, RBP=0x0000004d242fec60, RSI=0x00000000000011a8, RDI=0x000002473131a103
R8 =0x0000000000000001, R9 =0x0000024748f5a84c, R10=0x0000000000000000, R11=0x0000000088ae36f8
R12=0x0000000000000000, R13=0x000002474f0b7580, R14=0x0000004d242fec90, R15=0x0000024748c24800
RIP=0x00007fff6d14f46d, EFLAGS=0x0000000000010202

Top of Stack: (sp=0x0000004d242febd8)
0x0000004d242febd8:   000002473131f317 000002473131a103
0x0000004d242febe8:   000002473131f012 000002474f0b7580
0x0000004d242febf8:   0000004d242fec60 00000000000011a8
0x0000004d242fec08:   00000000000011a8 000002473131efb6
0x0000004d242fec18:   0000004d242fec18 000002474f0b7580
0x0000004d242fec28:   0000004d242fec90 000002474f0dc718
0x0000004d242fec38:   0000000000000000 0000000088ae36f8
0x0000004d242fec48:   000002474f0b7580 0000000000000000
0x0000004d242fec58:   0000004d242fec80 0000004d242fece0
0x0000004d242fec68:   000002473131a103 0000000088ae36f8
0x0000004d242fec78:   000002473131c258 0000024748f5a84c
0x0000004d242fec88:   0000000000000000 0000000000000001
0x0000004d242fec98:   0000004d242fec98 000002474f0b7704
0x0000004d242feca8:   0000004d242fed10 000002474f0dc718
0x0000004d242fecb8:   0000000000000000 0000000088ae36f8
0x0000004d242fecc8:   000002474f0b7770 0000004d242fec80 

Instructions: (pc=0x00007fff6d14f46d)
0x00007fff6d14f44d:   00 41 8b c8 48 ff e0 cc cc cc cc cc cc cc cc cc
0x00007fff6d14f45d:   cc cc cc 48 8b 01 49 8b d1 41 8b c8 4c 8b 50 18
0x00007fff6d14f46d:   49 ff a2 58 0f 00 00 cc cc cc cc cc cc cc cc cc
0x00007fff6d14f47d:   cc cc cc 48 8b 01 49 8b d1 41 8b c8 4c 8b 50 18 



---------------  P R O C E S S  ---------------

Threads class SMR info:
_java_thread_list=0x0000024748f27ba0, length=15, elements={
0x0000024747b59000, 0x0000024747b5a000, 0x0000024747b93800, 0x0000024747b96000,
0x0000024747b9b000, 0x0000024747ba6000, 0x00000247484c0800, 0x00000247484c1000,
0x00000247484e2000, 0x0000024748693000, 0x0000024748682800, 0x0000024748b67000,
0x0000024748c24800, 0x0000024727abd800, 0x000002474dbe7800
}

Java Threads: ( => current thread )
  0x0000024747b59000 JavaThread "Reference Handler" daemon [_thread_blocked, id=5988, stack(0x0000004d23500000,0x0000004d23600000)]
  0x0000024747b5a000 JavaThread "Finalizer" daemon [_thread_blocked, id=6644, stack(0x0000004d23600000,0x0000004d23700000)]
  0x0000024747b93800 JavaThread "Signal Dispatcher" daemon [_thread_blocked, id=9848, stack(0x0000004d23700000,0x0000004d23800000)]
  0x0000024747b96000 JavaThread "Attach Listener" daemon [_thread_blocked, id=8080, stack(0x0000004d23800000,0x0000004d23900000)]
  0x0000024747b9b000 JavaThread "C2 CompilerThread0" daemon [_thread_blocked, id=9188, stack(0x0000004d23900000,0x0000004d23a00000)]
  0x0000024747ba6000 JavaThread "C2 CompilerThread1" daemon [_thread_blocked, id=6600, stack(0x0000004d23a00000,0x0000004d23b00000)]
  0x00000247484c0800 JavaThread "C2 CompilerThread2" daemon [_thread_blocked, id=2700, stack(0x0000004d23b00000,0x0000004d23c00000)]
  0x00000247484c1000 JavaThread "C1 CompilerThread3" daemon [_thread_blocked, id=8940, stack(0x0000004d23c00000,0x0000004d23d00000)]
  0x00000247484e2000 JavaThread "Sweeper thread" daemon [_thread_blocked, id=4112, stack(0x0000004d23d00000,0x0000004d23e00000)]
  0x0000024748693000 JavaThread "Service Thread" daemon [_thread_blocked, id=4048, stack(0x0000004d23e00000,0x0000004d23f00000)]
  0x0000024748682800 JavaThread "Common-Cleaner" daemon [_thread_blocked, id=9736, stack(0x0000004d23f00000,0x0000004d24000000)]
  0x0000024748b67000 JavaThread "HSQLDB Timer @5a4aa2f2" daemon [_thread_blocked, id=9140, stack(0x0000004d24100000,0x0000004d24200000)]
=>0x0000024748c24800 JavaThread "FlappyBird" [_thread_in_native, id=7396, stack(0x0000004d24200000,0x0000004d24300000)]
  0x0000024727abd800 JavaThread "DestroyJavaVM" [_thread_blocked, id=532, stack(0x0000004d21f00000,0x0000004d22000000)]
  0x000002474dbe7800 JavaThread "Java2D Disposer" daemon [_thread_blocked, id=4384, stack(0x0000004d24e00000,0x0000004d24f00000)]

Other Threads:
  0x0000024747b54000 VMThread "VM Thread" [stack: 0x0000004d23400000,0x0000004d23500000] [id=5804]
  0x0000024748683000 WatcherThread [stack: 0x0000004d24000000,0x0000004d24100000] [id=2208]
  0x0000024729b6e000 GCTaskThread "GC Thread#0" [stack: 0x0000004d22000000,0x0000004d22100000] [id=10872]
  0x0000024729b70800 GCTaskThread "GC Thread#1" [stack: 0x0000004d22100000,0x0000004d22200000] [id=9784]
  0x0000024729b72800 GCTaskThread "GC Thread#2" [stack: 0x0000004d22200000,0x0000004d22300000] [id=10088]
  0x0000024729b7e800 GCTaskThread "GC Thread#3" [stack: 0x0000004d22300000,0x0000004d22400000] [id=5376]
  0x0000024729b85000 GCTaskThread "GC Thread#4" [stack: 0x0000004d22400000,0x0000004d22500000] [id=7788]
  0x0000024729b88800 GCTaskThread "GC Thread#5" [stack: 0x0000004d22500000,0x0000004d22600000] [id=1100]
  0x0000024729b8a000 GCTaskThread "GC Thread#6" [stack: 0x0000004d22600000,0x0000004d22700000] [id=6072]
  0x0000024729b8c000 GCTaskThread "GC Thread#7" [stack: 0x0000004d22700000,0x0000004d22800000] [id=4344]
  0x0000024729bfd800 ConcurrentGCThread "G1 Main Marker" [stack: 0x0000004d22800000,0x0000004d22900000] [id=6328]
  0x0000024729b8a800 ConcurrentGCThread "G1 Conc#0" [stack: 0x0000004d22900000,0x0000004d22a00000] [id=7084]
  0x0000024729b86000 ConcurrentGCThread "G1 Conc#1" [stack: 0x0000004d22a00000,0x0000004d22b00000] [id=8272]
  0x00000247479f8800 ConcurrentGCThread "G1 Refine#0" [stack: 0x0000004d22b00000,0x0000004d22c00000] [id=7424]
  0x00000247479f9000 ConcurrentGCThread "G1 Refine#1" [stack: 0x0000004d22c00000,0x0000004d22d00000] [id=8096]
  0x00000247479fc000 ConcurrentGCThread "G1 Refine#2" [stack: 0x0000004d22d00000,0x0000004d22e00000] [id=5864]
  0x0000024747a05000 ConcurrentGCThread "G1 Refine#3" [stack: 0x0000004d22e00000,0x0000004d22f00000] [id=5324]
  0x0000024729b8b800 ConcurrentGCThread "G1 Refine#4" [stack: 0x0000004d22f00000,0x0000004d23000000] [id=9304]
  0x0000024729b86800 ConcurrentGCThread "G1 Refine#5" [stack: 0x0000004d23000000,0x0000004d23100000] [id=9012]
  0x0000024729b87800 ConcurrentGCThread "G1 Refine#6" [stack: 0x0000004d23100000,0x0000004d23200000] [id=6964]
  0x0000024729b8c800 ConcurrentGCThread "G1 Refine#7" [stack: 0x0000004d23200000,0x0000004d23300000] [id=11624]
  0x0000024747a14000 ConcurrentGCThread "G1 Young RemSet Sampling" [stack: 0x0000004d23300000,0x0000004d23400000] [id=10516]

Threads with active compile tasks:

VM state:not at safepoint (normal execution)

VM Mutex/Monitor currently owned by a thread: None

Heap address: 0x0000000082200000, size: 2014 MB, Compressed Oops mode: 32-bit
Narrow klass base: 0x0000000000000000, Narrow klass shift: 3
Compressed class space size: 1073741824 Address: 0x0000000100000000

Heap:
 garbage-first heap   total 129024K, used 31744K [0x0000000082200000, 0x0000000100000000)
  region size 1024K, 23 young (23552K), 0 survivors (0K)
 Metaspace       used 14707K, capacity 15012K, committed 15360K, reserved 1062912K
  class space    used 1332K, capacity 1469K, committed 1536K, reserved 1048576K
Heap Regions: E=young(eden), S=young(survivor), O=old, HS=humongous(starts), HC=humongous(continues), CS=collection set, F=free, A=archive, TS=gc time stamp, AC=allocation context, TAMS=top-at-mark-start (previous, next)
|   0|0x0000000082200000, 0x0000000082300000, 0x0000000082300000|100%|HS|  |TS  0|AC  0|TAMS 0x0000000082200000, 0x0000000082200000|
|   1|0x0000000082300000, 0x0000000082400000, 0x0000000082400000|100%|HC|  |TS  0|AC  0|TAMS 0x0000000082300000, 0x0000000082300000|
|   2|0x0000000082400000, 0x0000000082500000, 0x0000000082500000|100%|HC|  |TS  0|AC  0|TAMS 0x0000000082400000, 0x0000000082400000|
|   3|0x0000000082500000, 0x0000000082600000, 0x0000000082600000|100%|HS|  |TS  0|AC  0|TAMS 0x0000000082500000, 0x0000000082500000|
|   4|0x0000000082600000, 0x0000000082700000, 0x0000000082700000|100%|HC|  |TS  0|AC  0|TAMS 0x0000000082600000, 0x0000000082600000|
|   5|0x0000000082700000, 0x0000000082800000, 0x0000000082800000|100%|HC|  |TS  0|AC  0|TAMS 0x0000000082700000, 0x0000000082700000|
|   6|0x0000000082800000, 0x0000000082900000, 0x0000000082900000|100%|HS|  |TS  0|AC  0|TAMS 0x0000000082800000, 0x0000000082800000|
|   7|0x0000000082900000, 0x0000000082a00000, 0x0000000082a00000|100%|HC|  |TS  0|AC  0|TAMS 0x0000000082900000, 0x0000000082900000|
|   8|0x0000000082a00000, 0x0000000082b00000, 0x0000000082b00000|100%|HC|  |TS  0|AC  0|TAMS 0x0000000082a00000, 0x0000000082a00000|
|   9|0x0000000082b00000, 0x0000000082b00000, 0x0000000082c00000|  0%| F|  |TS  0|AC  0|TAMS 0x0000000082b00000, 0x0000000082b00000|
|  10|0x0000000082c00000, 0x0000000082c00000, 0x0000000082d00000|  0%| F|  |TS  0|AC  0|TAMS 0x0000000082c00000, 0x0000000082c00000|
|  11|0x0000000082d00000, 0x0000000082d00000, 0x0000000082e00000|  0%| F|  |TS  0|AC  0|TAMS 0x0000000082d00000, 0x0000000082d00000|
|  12|0x0000000082e00000, 0x0000000082e00000, 0x0000000082f00000|  0%| F|  |TS  0|AC  0|TAMS 0x0000000082e00000, 0x0000000082e00000|
|  13|0x0000000082f00000, 0x0000000082f00000, 0x0000000083000000|  0%| F|  |TS  0|AC  0|TAMS 0x0000000082f00000, 0x0000000082f00000|
|  14|0x0000000083000000, 0x0000000083000000, 0x0000000083100000|  0%| F|  |TS  0|AC  0|TAMS 0x0000000083000000, 0x0000000083000000|
|  15|0x0000000083100000, 0x0000000083100000, 0x0000000083200000|  0%| F|  |TS  0|AC  0|TAMS 0x0000000083100000, 0x0000000083100000|
|  16|0x0000000083200000, 0x0000000083200000, 0x0000000083300000|  0%| F|  |TS  0|AC  0|TAMS 0x0000000083200000, 0x0000000083200000|
|  17|0x0000000083300000, 0x0000000083300000, 0x0000000083400000|  0%| F|  |TS  0|AC  0|TAMS 0x0000000083300000, 0x0000000083300000|
|  18|0x0000000083400000, 0x0000000083400000, 0x0000000083500000|  0%| F|  |TS  0|AC  0|TAMS 0x0000000083400000, 0x0000000083400000|
|  19|0x0000000083500000, 0x0000000083500000, 0x0000000083600000|  0%| F|  |TS  0|AC  0|TAMS 0x0000000083500000, 0x0000000083500000|
|  20|0x0000000083600000, 0x0000000083600000, 0x0000000083700000|  0%| F|  |TS  0|AC  0|TAMS 0x0000000083600000, 0x0000000083600000|
|  21|0x0000000083700000, 0x0000000083700000, 0x0000000083800000|  0%| F|  |TS  0|AC  0|TAMS 0x0000000083700000, 0x0000000083700000|
|  22|0x0000000083800000, 0x0000000083800000, 0x0000000083900000|  0%| F|  |TS  0|AC  0|TAMS 0x0000000083800000, 0x0000000083800000|
|  23|0x0000000083900000, 0x0000000083900000, 0x0000000083a00000|  0%| F|  |TS  0|AC  0|TAMS 0x0000000083900000, 0x0000000083900000|
|  24|0x0000000083a00000, 0x0000000083a00000, 0x0000000083b00000|  0%| F|  |TS  0|AC  0|TAMS 0x0000000083a00000, 0x0000000083a00000|
|  25|0x0000000083b00000, 0x0000000083b00000, 0x0000000083c00000|  0%| F|  |TS  0|AC  0|TAMS 0x0000000083b00000, 0x0000000083b00000|
|  26|0x0000000083c00000, 0x0000000083c00000, 0x0000000083d00000|  0%| F|  |TS  0|AC  0|TAMS 0x0000000083c00000, 0x0000000083c00000|
|  27|0x0000000083d00000, 0x0000000083d00000, 0x0000000083e00000|  0%| F|  |TS  0|AC  0|TAMS 0x0000000083d00000, 0x0000000083d00000|
|  28|0x0000000083e00000, 0x0000000083e00000, 0x0000000083f00000|  0%| F|  |TS  0|AC  0|TAMS 0x0000000083e00000, 0x0000000083e00000|
|  29|0x0000000083f00000, 0x0000000083f00000, 0x0000000084000000|  0%| F|  |TS  0|AC  0|TAMS 0x0000000083f00000, 0x0000000083f00000|
|  30|0x0000000084000000, 0x0000000084000000, 0x0000000084100000|  0%| F|  |TS  0|AC  0|TAMS 0x0000000084000000, 0x0000000084000000|
|  31|0x0000000084100000, 0x0000000084100000, 0x0000000084200000|  0%| F|  |TS  0|AC  0|TAMS 0x0000000084100000, 0x0000000084100000|
|  32|0x0000000084200000, 0x0000000084200000, 0x0000000084300000|  0%| F|  |TS  0|AC  0|TAMS 0x0000000084200000, 0x0000000084200000|
|  33|0x0000000084300000, 0x0000000084300000, 0x0000000084400000|  0%| F|  |TS  0|AC  0|TAMS 0x0000000084300000, 0x0000000084300000|
|  34|0x0000000084400000, 0x0000000084400000, 0x0000000084500000|  0%| F|  |TS  0|AC  0|TAMS 0x0000000084400000, 0x0000000084400000|
|  35|0x0000000084500000, 0x0000000084500000, 0x0000000084600000|  0%| F|  |TS  0|AC  0|TAMS 0x0000000084500000, 0x0000000084500000|
|  36|0x0000000084600000, 0x0000000084600000, 0x0000000084700000|  0%| F|  |TS  0|AC  0|TAMS 0x0000000084600000, 0x0000000084600000|
|  37|0x0000000084700000, 0x0000000084700000, 0x0000000084800000|  0%| F|  |TS  0|AC  0|TAMS 0x0000000084700000, 0x0000000084700000|
|  38|0x0000000084800000, 0x0000000084800000, 0x0000000084900000|  0%| F|  |TS  0|AC  0|TAMS 0x0000000084800000, 0x0000000084800000|
|  39|0x0000000084900000, 0x0000000084900000, 0x0000000084a00000|  0%| F|  |TS  0|AC  0|TAMS 0x0000000084900000, 0x0000000084900000|
|  40|0x0000000084a00000, 0x0000000084a00000, 0x0000000084b00000|  0%| F|  |TS  0|AC  0|TAMS 0x0000000084a00000, 0x0000000084a00000|
|  41|0x0000000084b00000, 0x0000000084b00000, 0x0000000084c00000|  0%| F|  |TS  0|AC  0|TAMS 0x0000000084b00000, 0x0000000084b00000|
|  42|0x0000000084c00000, 0x0000000084c00000, 0x0000000084d00000|  0%| F|  |TS  0|AC  0|TAMS 0x0000000084c00000, 0x0000000084c00000|
|  43|0x0000000084d00000, 0x0000000084d00000, 0x0000000084e00000|  0%| F|  |TS  0|AC  0|TAMS 0x0000000084d00000, 0x0000000084d00000|
|  44|0x0000000084e00000, 0x0000000084e00000, 0x0000000084f00000|  0%| F|  |TS  0|AC  0|TAMS 0x0000000084e00000, 0x0000000084e00000|
|  45|0x0000000084f00000, 0x0000000084f00000, 0x0000000085000000|  0%| F|  |TS  0|AC  0|TAMS 0x0000000084f00000, 0x0000000084f00000|
|  46|0x0000000085000000, 0x0000000085000000, 0x0000000085100000|  0%| F|  |TS  0|AC  0|TAMS 0x0000000085000000, 0x0000000085000000|
|  47|0x0000000085100000, 0x0000000085100000, 0x0000000085200000|  0%| F|  |TS  0|AC  0|TAMS 0x0000000085100000, 0x0000000085100000|
|  48|0x0000000085200000, 0x0000000085200000, 0x0000000085300000|  0%| F|  |TS  0|AC  0|TAMS 0x0000000085200000, 0x0000000085200000|
|  49|0x0000000085300000, 0x0000000085300000, 0x0000000085400000|  0%| F|  |TS  0|AC  0|TAMS 0x0000000085300000, 0x0000000085300000|
|  50|0x0000000085400000, 0x0000000085400000, 0x0000000085500000|  0%| F|  |TS  0|AC  0|TAMS 0x0000000085400000, 0x0000000085400000|
|  51|0x0000000085500000, 0x0000000085500000, 0x0000000085600000|  0%| F|  |TS  0|AC  0|TAMS 0x0000000085500000, 0x0000000085500000|
|  52|0x0000000085600000, 0x0000000085600000, 0x0000000085700000|  0%| F|  |TS  0|AC  0|TAMS 0x0000000085600000, 0x0000000085600000|
|  53|0x0000000085700000, 0x0000000085700000, 0x0000000085800000|  0%| F|  |TS  0|AC  0|TAMS 0x0000000085700000, 0x0000000085700000|
|  54|0x0000000085800000, 0x0000000085800000, 0x0000000085900000|  0%| F|  |TS  0|AC  0|TAMS 0x0000000085800000, 0x0000000085800000|
|  55|0x0000000085900000, 0x0000000085900000, 0x0000000085a00000|  0%| F|  |TS  0|AC  0|TAMS 0x0000000085900000, 0x0000000085900000|
|  56|0x0000000085a00000, 0x0000000085a00000, 0x0000000085b00000|  0%| F|  |TS  0|AC  0|TAMS 0x0000000085a00000, 0x0000000085a00000|
|  57|0x0000000085b00000, 0x0000000085b00000, 0x0000000085c00000|  0%| F|  |TS  0|AC  0|TAMS 0x0000000085b00000, 0x0000000085b00000|
|  58|0x0000000085c00000, 0x0000000085c00000, 0x0000000085d00000|  0%| F|  |TS  0|AC  0|TAMS 0x0000000085c00000, 0x0000000085c00000|
|  59|0x0000000085d00000, 0x0000000085d00000, 0x0000000085e00000|  0%| F|  |TS  0|AC  0|TAMS 0x0000000085d00000, 0x0000000085d00000|
|  60|0x0000000085e00000, 0x0000000085e00000, 0x0000000085f00000|  0%| F|  |TS  0|AC  0|TAMS 0x0000000085e00000, 0x0000000085e00000|
|  61|0x0000000085f00000, 0x0000000085f00000, 0x0000000086000000|  0%| F|  |TS  0|AC  0|TAMS 0x0000000085f00000, 0x0000000085f00000|
|  62|0x0000000086000000, 0x0000000086000000, 0x0000000086100000|  0%| F|  |TS  0|AC  0|TAMS 0x0000000086000000, 0x0000000086000000|
|  63|0x0000000086100000, 0x0000000086100000, 0x0000000086200000|  0%| F|  |TS  0|AC  0|TAMS 0x0000000086100000, 0x0000000086100000|
|  64|0x0000000086200000, 0x0000000086200000, 0x0000000086300000|  0%| F|  |TS  0|AC  0|TAMS 0x0000000086200000, 0x0000000086200000|
|  65|0x0000000086300000, 0x0000000086300000, 0x0000000086400000|  0%| F|  |TS  0|AC  0|TAMS 0x0000000086300000, 0x0000000086300000|
|  66|0x0000000086400000, 0x0000000086400000, 0x0000000086500000|  0%| F|  |TS  0|AC  0|TAMS 0x0000000086400000, 0x0000000086400000|
|  67|0x0000000086500000, 0x0000000086500000, 0x0000000086600000|  0%| F|  |TS  0|AC  0|TAMS 0x0000000086500000, 0x0000000086500000|
|  68|0x0000000086600000, 0x0000000086600000, 0x0000000086700000|  0%| F|  |TS  0|AC  0|TAMS 0x0000000086600000, 0x0000000086600000|
|  69|0x0000000086700000, 0x0000000086700000, 0x0000000086800000|  0%| F|  |TS  0|AC  0|TAMS 0x0000000086700000, 0x0000000086700000|
|  70|0x0000000086800000, 0x0000000086800000, 0x0000000086900000|  0%| F|  |TS  0|AC  0|TAMS 0x0000000086800000, 0x0000000086800000|
|  71|0x0000000086900000, 0x0000000086900000, 0x0000000086a00000|  0%| F|  |TS  0|AC  0|TAMS 0x0000000086900000, 0x0000000086900000|
|  72|0x0000000086a00000, 0x0000000086a00000, 0x0000000086b00000|  0%| F|  |TS  0|AC  0|TAMS 0x0000000086a00000, 0x0000000086a00000|
|  73|0x0000000086b00000, 0x0000000086b00000, 0x0000000086c00000|  0%| F|  |TS  0|AC  0|TAMS 0x0000000086b00000, 0x0000000086b00000|
|  74|0x0000000086c00000, 0x0000000086c00000, 0x0000000086d00000|  0%| F|  |TS  0|AC  0|TAMS 0x0000000086c00000, 0x0000000086c00000|
|  75|0x0000000086d00000, 0x0000000086d00000, 0x0000000086e00000|  0%| F|  |TS  0|AC  0|TAMS 0x0000000086d00000, 0x0000000086d00000|
|  76|0x0000000086e00000, 0x0000000086e00000, 0x0000000086f00000|  0%| F|  |TS  0|AC  0|TAMS 0x0000000086e00000, 0x0000000086e00000|
|  77|0x0000000086f00000, 0x0000000086f00000, 0x0000000087000000|  0%| F|  |TS  0|AC  0|TAMS 0x0000000086f00000, 0x0000000086f00000|
|  78|0x0000000087000000, 0x0000000087000000, 0x0000000087100000|  0%| F|  |TS  0|AC  0|TAMS 0x0000000087000000, 0x0000000087000000|
|  79|0x0000000087100000, 0x0000000087100000, 0x0000000087200000|  0%| F|  |TS  0|AC  0|TAMS 0x0000000087100000, 0x0000000087100000|
|  80|0x0000000087200000, 0x0000000087200000, 0x0000000087300000|  0%| F|  |TS  0|AC  0|TAMS 0x0000000087200000, 0x0000000087200000|
|  81|0x0000000087300000, 0x0000000087300000, 0x0000000087400000|  0%| F|  |TS  0|AC  0|TAMS 0x0000000087300000, 0x0000000087300000|
|  82|0x0000000087400000, 0x0000000087400000, 0x0000000087500000|  0%| F|  |TS  0|AC  0|TAMS 0x0000000087400000, 0x0000000087400000|
|  83|0x0000000087500000, 0x0000000087500000, 0x0000000087600000|  0%| F|  |TS  0|AC  0|TAMS 0x0000000087500000, 0x0000000087500000|
|  84|0x0000000087600000, 0x0000000087600000, 0x0000000087700000|  0%| F|  |TS  0|AC  0|TAMS 0x0000000087600000, 0x0000000087600000|
|  85|0x0000000087700000, 0x0000000087700000, 0x0000000087800000|  0%| F|  |TS  0|AC  0|TAMS 0x0000000087700000, 0x0000000087700000|
|  86|0x0000000087800000, 0x0000000087800000, 0x0000000087900000|  0%| F|  |TS  0|AC  0|TAMS 0x0000000087800000, 0x0000000087800000|
|  87|0x0000000087900000, 0x0000000087900000, 0x0000000087a00000|  0%| F|  |TS  0|AC  0|TAMS 0x0000000087900000, 0x0000000087900000|
|  88|0x0000000087a00000, 0x0000000087a00000, 0x0000000087b00000|  0%| F|  |TS  0|AC  0|TAMS 0x0000000087a00000, 0x0000000087a00000|
|  89|0x0000000087b00000, 0x0000000087b00000, 0x0000000087c00000|  0%| F|  |TS  0|AC  0|TAMS 0x0000000087b00000, 0x0000000087b00000|
|  90|0x0000000087c00000, 0x0000000087c00000, 0x0000000087d00000|  0%| F|  |TS  0|AC  0|TAMS 0x0000000087c00000, 0x0000000087c00000|
|  91|0x0000000087d00000, 0x0000000087d00000, 0x0000000087e00000|  0%| F|  |TS  0|AC  0|TAMS 0x0000000087d00000, 0x0000000087d00000|
|  92|0x0000000087e00000, 0x0000000087e00000, 0x0000000087f00000|  0%| F|  |TS  0|AC  0|TAMS 0x0000000087e00000, 0x0000000087e00000|
|  93|0x0000000087f00000, 0x0000000087f00000, 0x0000000088000000|  0%| F|  |TS  0|AC  0|TAMS 0x0000000087f00000, 0x0000000087f00000|
|  94|0x0000000088000000, 0x0000000088000000, 0x0000000088100000|  0%| F|  |TS  0|AC  0|TAMS 0x0000000088000000, 0x0000000088000000|
|  95|0x0000000088100000, 0x0000000088100000, 0x0000000088200000|  0%| F|  |TS  0|AC  0|TAMS 0x0000000088100000, 0x0000000088100000|
|  96|0x0000000088200000, 0x0000000088200000, 0x0000000088300000|  0%| F|  |TS  0|AC  0|TAMS 0x0000000088200000, 0x0000000088200000|
|  97|0x0000000088300000, 0x0000000088300000, 0x0000000088400000|  0%| F|  |TS  0|AC  0|TAMS 0x0000000088300000, 0x0000000088300000|
|  98|0x0000000088400000, 0x0000000088400000, 0x0000000088500000|  0%| F|  |TS  0|AC  0|TAMS 0x0000000088400000, 0x0000000088400000|
|  99|0x0000000088500000, 0x0000000088500000, 0x0000000088600000|  0%| F|  |TS  0|AC  0|TAMS 0x0000000088500000, 0x0000000088500000|
| 100|0x0000000088600000, 0x0000000088600000, 0x0000000088700000|  0%| F|  |TS  0|AC  0|TAMS 0x0000000088600000, 0x0000000088600000|
| 101|0x0000000088700000, 0x0000000088700000, 0x0000000088800000|  0%| F|  |TS  0|AC  0|TAMS 0x0000000088700000, 0x0000000088700000|
| 102|0x0000000088800000, 0x0000000088800000, 0x0000000088900000|  0%| F|  |TS  0|AC  0|TAMS 0x0000000088800000, 0x0000000088800000|
| 103|0x0000000088900000, 0x000000008897b638, 0x0000000088a00000| 48%| E|  |TS  0|AC  0|TAMS 0x0000000088900000, 0x0000000088900000|
| 104|0x0000000088a00000, 0x0000000088b00000, 0x0000000088b00000|100%| E|CS|TS  0|AC  0|TAMS 0x0000000088a00000, 0x0000000088a00000|
| 105|0x0000000088b00000, 0x0000000088c00000, 0x0000000088c00000|100%| E|CS|TS  0|AC  0|TAMS 0x0000000088b00000, 0x0000000088b00000|
| 106|0x0000000088c00000, 0x0000000088d00000, 0x0000000088d00000|100%| E|CS|TS  0|AC  0|TAMS 0x0000000088c00000, 0x0000000088c00000|
| 107|0x0000000088d00000, 0x0000000088e00000, 0x0000000088e00000|100%| E|CS|TS  0|AC  0|TAMS 0x0000000088d00000, 0x0000000088d00000|
| 108|0x0000000088e00000, 0x0000000088f00000, 0x0000000088f00000|100%| E|CS|TS  0|AC  0|TAMS 0x0000000088e00000, 0x0000000088e00000|
| 109|0x0000000088f00000, 0x0000000089000000, 0x0000000089000000|100%| E|CS|TS  0|AC  0|TAMS 0x0000000088f00000, 0x0000000088f00000|
| 110|0x0000000089000000, 0x0000000089100000, 0x0000000089100000|100%| E|CS|TS  0|AC  0|TAMS 0x0000000089000000, 0x0000000089000000|
| 111|0x0000000089100000, 0x0000000089200000, 0x0000000089200000|100%| E|CS|TS  0|AC  0|TAMS 0x0000000089100000, 0x0000000089100000|
| 112|0x0000000089200000, 0x0000000089300000, 0x0000000089300000|100%| E|CS|TS  0|AC  0|TAMS 0x0000000089200000, 0x0000000089200000|
| 113|0x0000000089300000, 0x0000000089400000, 0x0000000089400000|100%| E|CS|TS  0|AC  0|TAMS 0x0000000089300000, 0x0000000089300000|
| 114|0x0000000089400000, 0x0000000089500000, 0x0000000089500000|100%| E|CS|TS  0|AC  0|TAMS 0x0000000089400000, 0x0000000089400000|
| 115|0x0000000089500000, 0x0000000089600000, 0x0000000089600000|100%| E|CS|TS  0|AC  0|TAMS 0x0000000089500000, 0x0000000089500000|
| 116|0x0000000089600000, 0x0000000089700000, 0x0000000089700000|100%| E|CS|TS  0|AC  0|TAMS 0x0000000089600000, 0x0000000089600000|
| 117|0x0000000089700000, 0x0000000089800000, 0x0000000089800000|100%| E|CS|TS  0|AC  0|TAMS 0x0000000089700000, 0x0000000089700000|
| 118|0x0000000089800000, 0x0000000089900000, 0x0000000089900000|100%| E|CS|TS  0|AC  0|TAMS 0x0000000089800000, 0x0000000089800000|
| 119|0x0000000089900000, 0x0000000089a00000, 0x0000000089a00000|100%| E|CS|TS  0|AC  0|TAMS 0x0000000089900000, 0x0000000089900000|
| 120|0x0000000089a00000, 0x0000000089b00000, 0x0000000089b00000|100%| E|CS|TS  0|AC  0|TAMS 0x0000000089a00000, 0x0000000089a00000|
| 121|0x0000000089b00000, 0x0000000089c00000, 0x0000000089c00000|100%| E|CS|TS  0|AC  0|TAMS 0x0000000089b00000, 0x0000000089b00000|
| 122|0x0000000089c00000, 0x0000000089d00000, 0x0000000089d00000|100%| E|CS|TS  0|AC  0|TAMS 0x0000000089c00000, 0x0000000089c00000|
| 123|0x0000000089d00000, 0x0000000089e00000, 0x0000000089e00000|100%| E|CS|TS  0|AC  0|TAMS 0x0000000089d00000, 0x0000000089d00000|
| 124|0x0000000089e00000, 0x0000000089f00000, 0x0000000089f00000|100%| E|CS|TS  0|AC  0|TAMS 0x0000000089e00000, 0x0000000089e00000|
| 125|0x0000000089f00000, 0x000000008a000000, 0x000000008a000000|100%| E|CS|TS  0|AC  0|TAMS 0x0000000089f00000, 0x0000000089f00000|

Card table byte_map: [0x0000024740a40000,0x0000024740e30000] byte_map_base: 0x000002474062f000

Marking Bits (Prev, Next): (CMBitMap*) 0x0000024729bfcb50, (CMBitMap*) 0x0000024729bfcb88
 Prev Bits: [0x0000024741220000, 0x0000024743198000)
 Next Bits: [0x00000247431a0000, 0x0000024745118000)

Polling page: 0x0000024727b50000

CodeHeap 'non-profiled nmethods': size=120000Kb used=410Kb max_used=410Kb free=119589Kb
 bounds [0x0000024738de0000, 0x0000024739050000, 0x0000024740310000]
CodeHeap 'profiled nmethods': size=120000Kb used=2318Kb max_used=2318Kb free=117681Kb
 bounds [0x00000247318b0000, 0x0000024731b20000, 0x0000024738de0000]
CodeHeap 'non-nmethods': size=5760Kb used=1411Kb max_used=1425Kb free=4348Kb
 bounds [0x0000024731310000, 0x0000024731580000, 0x00000247318b0000]
 total_blobs=2360 nmethods=1213 adapters=812
 compilation: enabled

Compilation events (10 events):
Event: 0.918 Thread 0x00000247484c1000 1209       3       java.util.regex.CharPredicates$$Lambda$22/2050153004::is (5 bytes)
Event: 0.918 Thread 0x00000247484c1000 nmethod 1209 0x0000024731af1510 code [0x0000024731af1700, 0x0000024731af1b58]
Event: 0.919 Thread 0x00000247484c1000 1210       3       java.util.regex.CharPredicates::lambda$ASCII_WORD$16 (20 bytes)
Event: 0.919 Thread 0x00000247484c1000 nmethod 1210 0x0000024731af1d10 code [0x0000024731af1ee0, 0x0000024731af22b8]
Event: 0.919 Thread 0x00000247484c1000 1211       3       java.util.regex.ASCII::isWord (7 bytes)
Event: 0.919 Thread 0x00000247484c1000 nmethod 1211 0x0000024731af2410 code [0x0000024731af25e0, 0x0000024731af28b8]
Event: 0.919 Thread 0x00000247484c1000 1213       3       java.lang.Character::digit (10 bytes)
Event: 0.919 Thread 0x00000247484c1000 nmethod 1213 0x0000024731af2a10 code [0x0000024731af2be0, 0x0000024731af2e20]
Event: 0.919 Thread 0x00000247484c1000 1214   !   3       jdk.internal.loader.BuiltinClassLoader::findClassOnClassPathOrNull (64 bytes)
Event: 0.919 Thread 0x00000247484c1000 nmethod 1214 0x0000024731af2f10 code [0x0000024731af3140, 0x0000024731af3680]

GC Heap History (0 events):
No events

Deoptimization events (10 events):
Event: 0.363 Thread 0x0000024727abd800 Uncommon trap: reason=bimorphic_or_optimized_type_check action=maybe_recompile pc=0x0000024738e164dc method=org.hsqldb.store.BaseHashMap.getLookup(Ljava/lang/Object;I)I @ 24 c2
Event: 0.367 Thread 0x0000024727abd800 Uncommon trap: reason=unstable_if action=reinterpret pc=0x0000024738e17b44 method=org.hsqldb.store.BaseHashMap.addOrRemove(JJLjava/lang/Object;Ljava/lang/Object;Z)Ljava/lang/Object; @ 502 c2
Event: 0.395 Thread 0x0000024727abd800 Uncommon trap: reason=unstable_if action=reinterpret pc=0x0000024738e14e88 method=org.hsqldb.store.HashIndex.linkNode(II)I @ 7 c2
Event: 0.396 Thread 0x0000024727abd800 Uncommon trap: reason=unstable_if action=reinterpret pc=0x0000024738e15758 method=org.hsqldb.rights.Right.add(Lorg/hsqldb/rights/Right;)V @ 4 c2
Event: 0.411 Thread 0x0000024727abd800 Uncommon trap: reason=unstable_if action=reinterpret pc=0x0000024738dfce24 method=java.lang.String.equals(Ljava/lang/Object;)Z @ 27 c2
Event: 0.769 Thread 0x0000024748c24800 Uncommon trap: reason=class_check action=maybe_recompile pc=0x0000024738e0988c method=java.util.HashMap.putVal(ILjava/lang/Object;Ljava/lang/Object;ZZ)Ljava/lang/Object; @ 253 c2
Event: 0.769 Thread 0x0000024748c24800 Uncommon trap: reason=class_check action=maybe_recompile pc=0x0000024738e0988c method=java.util.HashMap.putVal(ILjava/lang/Object;Ljava/lang/Object;ZZ)Ljava/lang/Object; @ 253 c2
Event: 0.769 Thread 0x0000024748c24800 Uncommon trap: reason=class_check action=maybe_recompile pc=0x0000024738e0988c method=java.util.HashMap.putVal(ILjava/lang/Object;Ljava/lang/Object;ZZ)Ljava/lang/Object; @ 253 c2
Event: 0.769 Thread 0x0000024748c24800 Uncommon trap: reason=class_check action=maybe_recompile pc=0x0000024738e0988c method=java.util.HashMap.putVal(ILjava/lang/Object;Ljava/lang/Object;ZZ)Ljava/lang/Object; @ 253 c2
Event: 0.769 Thread 0x0000024748c24800 Uncommon trap: reason=class_check action=maybe_recompile pc=0x0000024738e06600 method=java.util.HashMap.putVal(ILjava/lang/Object;Ljava/lang/Object;ZZ)Ljava/lang/Object; @ 253 c2

Classes redefined (0 events):
No events

Internal exceptions (10 events):
Event: 0.747 Thread 0x0000024748c24800 Exception <a 'java/lang/NoSuchMethodError'{0x0000000088d56450}: method resolution failed> (0x0000000088d56450) thrown at [t:/workspace/open/src/hotspot/share/prims/methodHandles.cpp, line 1226]
Event: 0.749 Thread 0x0000024748c24800 Exception <a 'java/lang/NoSuchMethodError'{0x0000000088d6e1f0}: method resolution failed> (0x0000000088d6e1f0) thrown at [t:/workspace/open/src/hotspot/share/prims/methodHandles.cpp, line 1226]
Event: 0.750 Thread 0x0000024748c24800 Exception <a 'java/lang/NoSuchMethodError'{0x0000000088d87b08}: method resolution failed> (0x0000000088d87b08) thrown at [t:/workspace/open/src/hotspot/share/prims/methodHandles.cpp, line 1226]
Event: 0.751 Thread 0x0000024748c24800 Exception <a 'java/io/FileNotFoundException'{0x0000000088d91410}> (0x0000000088d91410) thrown at [t:/workspace/open/src/hotspot/share/prims/jni.cpp, line 611]
Event: 0.771 Thread 0x0000024748c24800 Exception <a 'java/lang/NoSuchMethodError'{0x0000000088c13308}: java.lang.invoke.DirectMethodHandle$Holder.invokeStatic(Ljava/lang/Object;IIII)Ljava/lang/Object;> (0x0000000088c13308) thrown at [t:/workspace/open/src/hotspot/share/interpreter/linkResolver
Event: 0.771 Thread 0x0000024748c24800 Exception <a 'java/lang/NoSuchMethodError'{0x0000000088c164c0}: java.lang.invoke.DirectMethodHandle$Holder.invokeStaticInit(Ljava/lang/Object;IIII)Ljava/lang/Object;> (0x0000000088c164c0) thrown at [t:/workspace/open/src/hotspot/share/interpreter/linkReso
Event: 0.835 Thread 0x0000024748c24800 Exception <a 'java/lang/NoSuchMethodError'{0x0000000088c54cd0}: java.lang.invoke.DirectMethodHandle$Holder.invokeStatic(Ljava/lang/Object;Ljava/lang/Object;IIII)Ljava/lang/Object;> (0x0000000088c54cd0) thrown at [t:/workspace/open/src/hotspot/share/interp
Event: 0.835 Thread 0x0000024748c24800 Exception <a 'java/lang/NoSuchMethodError'{0x0000000088c580f0}: java.lang.invoke.DirectMethodHandle$Holder.invokeStaticInit(Ljava/lang/Object;Ljava/lang/Object;IIII)Ljava/lang/Object;> (0x0000000088c580f0) thrown at [t:/workspace/open/src/hotspot/share/in
Event: 0.919 Thread 0x0000024748c24800 Exception <a 'sun/nio/fs/WindowsException'{0x00000000889246f0}> (0x00000000889246f0) thrown at [t:/workspace/open/src/hotspot/share/prims/jni.cpp, line 611]
Event: 0.919 Thread 0x0000024748c24800 Exception <a 'sun/nio/fs/WindowsException'{0x00000000889249d8}> (0x00000000889249d8) thrown at [t:/workspace/open/src/hotspot/share/prims/jni.cpp, line 611]

Events (10 events):
Event: 0.919 loading class java/nio/file/NoSuchFileException
Event: 0.919 loading class java/nio/file/FileSystemException
Event: 0.919 loading class java/nio/file/FileSystemException done
Event: 0.919 loading class java/nio/file/NoSuchFileException done
Event: 0.919 loading class org/lwjgl/opengl/GL$1
Event: 0.919 loading class org/lwjgl/opengl/GL$1 done
Event: 0.920 loading class org/lwjgl/opengl/GL$SharedLibraryGL
Event: 0.920 loading class org/lwjgl/opengl/GL$SharedLibraryGL done
Event: 0.920 loading class org/lwjgl/system/SharedLibrary$Delegate
Event: 0.920 loading class org/lwjgl/system/SharedLibrary$Delegate done


Dynamic libraries:
0x00007ff633fe0000 - 0x00007ff63401e000 	C:\Program Files\Java\jre-10.0.1\bin\javaw.exe
0x00007fff7c9a0000 - 0x00007fff7cb72000 	C:\WINDOWS\SYSTEM32\ntdll.dll
0x00007fff7c8f0000 - 0x00007fff7c99c000 	C:\WINDOWS\System32\KERNEL32.DLL
0x00007fff79010000 - 0x00007fff7922d000 	C:\WINDOWS\System32\KERNELBASE.dll
0x00007fff7c6b0000 - 0x00007fff7c752000 	C:\WINDOWS\System32\ADVAPI32.dll
0x00007fff7c820000 - 0x00007fff7c8be000 	C:\WINDOWS\System32\msvcrt.dll
0x00007fff7bbe0000 - 0x00007fff7bc39000 	C:\WINDOWS\System32\sechost.dll
0x00007fff7ba10000 - 0x00007fff7bb31000 	C:\WINDOWS\System32\RPCRT4.dll
0x00007fff7c2f0000 - 0x00007fff7c455000 	C:\WINDOWS\System32\USER32.dll
0x00007fff78f50000 - 0x00007fff78f6e000 	C:\WINDOWS\System32\win32u.dll
0x00007fff7c240000 - 0x00007fff7c274000 	C:\WINDOWS\System32\GDI32.dll
0x00007fff79230000 - 0x00007fff793b0000 	C:\WINDOWS\System32\gdi32full.dll
0x00007fff6dcd0000 - 0x00007fff6df4a000 	C:\WINDOWS\WinSxS\amd64_microsoft.windows.common-controls_6595b64144ccf1df_6.0.14393.953_none_42151e83c686086b\COMCTL32.dll
0x00007fff79f30000 - 0x00007fff7a1f8000 	C:\WINDOWS\System32\combase.dll
0x00007fff794d0000 - 0x00007fff795c5000 	C:\WINDOWS\System32\ucrtbase.dll
0x00007fff79460000 - 0x00007fff794ca000 	C:\WINDOWS\System32\bcryptPrimitives.dll
0x00007fff75590000 - 0x00007fff7559a000 	C:\WINDOWS\SYSTEM32\VERSION.dll
0x00007fff7c8c0000 - 0x00007fff7c8ee000 	C:\WINDOWS\System32\IMM32.DLL
0x00007fff52640000 - 0x00007fff5272f000 	C:\Program Files\Java\jre-10.0.1\bin\msvcr120.dll
0x00007fff52590000 - 0x00007fff52636000 	C:\Program Files\Java\jre-10.0.1\bin\msvcp120.dll
0x0000000068a80000 - 0x00000000694f0000 	C:\Program Files\Java\jre-10.0.1\bin\server\jvm.dll
0x00007fff7c280000 - 0x00007fff7c288000 	C:\WINDOWS\System32\PSAPI.DLL
0x00007fff77310000 - 0x00007fff77333000 	C:\WINDOWS\SYSTEM32\WINMM.dll
0x00007fff66ff0000 - 0x00007fff66ff9000 	C:\WINDOWS\SYSTEM32\WSOCK32.dll
0x00007fff7c5a0000 - 0x00007fff7c60a000 	C:\WINDOWS\System32\WS2_32.dll
0x0000024727bc0000 - 0x0000024727beb000 	C:\WINDOWS\SYSTEM32\WINMMBASE.dll
0x00007fff797a0000 - 0x00007fff797e2000 	C:\WINDOWS\System32\cfgmgr32.dll
0x00007fff66b00000 - 0x00007fff66b0f000 	C:\Program Files\Java\jre-10.0.1\bin\verify.dll
0x00007fff6b0b0000 - 0x00007fff6b242000 	C:\WINDOWS\SYSTEM32\DBGHELP.DLL
0x00007fff6b000000 - 0x00007fff6b029000 	C:\WINDOWS\SYSTEM32\dbgcore.DLL
0x00007fff58090000 - 0x00007fff580b7000 	C:\Program Files\Java\jre-10.0.1\bin\java.dll
0x00007fff58070000 - 0x00007fff58086000 	C:\Program Files\Java\jre-10.0.1\bin\zip.dll
0x00007fff65040000 - 0x00007fff6504a000 	C:\Program Files\Java\jre-10.0.1\bin\jimage.dll
0x00007fff7a200000 - 0x00007fff7b709000 	C:\WINDOWS\System32\SHELL32.dll
0x00007fff79850000 - 0x00007fff79f29000 	C:\WINDOWS\System32\windows.storage.dll
0x00007fff78e50000 - 0x00007fff78e9c000 	C:\WINDOWS\System32\powrprof.dll
0x00007fff7c290000 - 0x00007fff7c2e2000 	C:\WINDOWS\System32\shlwapi.dll
0x00007fff78e10000 - 0x00007fff78e1f000 	C:\WINDOWS\System32\kernel.appcore.dll
0x00007fff793b0000 - 0x00007fff79459000 	C:\WINDOWS\System32\shcore.dll
0x00007fff78e20000 - 0x00007fff78e34000 	C:\WINDOWS\System32\profapi.dll
0x00007fff58050000 - 0x00007fff5806a000 	C:\Program Files\Java\jre-10.0.1\bin\net.dll
0x00007fff70930000 - 0x00007fff709fd000 	C:\WINDOWS\SYSTEM32\WINHTTP.dll
0x00007fff78740000 - 0x00007fff7879c000 	C:\WINDOWS\system32\mswsock.dll
0x00007fff57850000 - 0x00007fff57861000 	C:\Program Files\Java\jre-10.0.1\bin\nio.dll
0x00007fff75eb0000 - 0x00007fff75f0b000 	C:\Users\danei\AppData\Local\Temp\lwjgldanei\3.1.6-build-14\lwjgl.dll
0x00007fff706e0000 - 0x00007fff70731000 	C:\Users\danei\AppData\Local\Temp\lwjgldanei\3.1.6-build-14\glfw.dll
0x00007fff77670000 - 0x00007fff77705000 	C:\WINDOWS\system32\uxtheme.dll
0x00007fff6d1a0000 - 0x00007fff6d1e0000 	C:\WINDOWS\SYSTEM32\dinput8.dll
0x00007fff6f8b0000 - 0x00007fff6f8be000 	C:\WINDOWS\SYSTEM32\xinput1_4.dll
0x00007fff77b20000 - 0x00007fff77b48000 	C:\WINDOWS\SYSTEM32\DEVOBJ.dll
0x00007fff76900000 - 0x00007fff76926000 	C:\WINDOWS\SYSTEM32\dwmapi.dll
0x00007fff7c070000 - 0x00007fff7c1ca000 	C:\WINDOWS\System32\MSCTF.dll
0x00007fff7c760000 - 0x00007fff7c81f000 	C:\WINDOWS\System32\OLEAUT32.dll
0x00007fff78f70000 - 0x00007fff7900c000 	C:\WINDOWS\System32\msvcp_win.dll
0x00007fff77e10000 - 0x00007fff77e1c000 	C:\WINDOWS\SYSTEM32\HID.DLL
0x00007fff7bc40000 - 0x00007fff7c069000 	C:\WINDOWS\System32\SETUPAPI.DLL
0x00007fff797f0000 - 0x00007fff79845000 	C:\WINDOWS\System32\WINTRUST.dll
0x00007fff78e40000 - 0x00007fff78e50000 	C:\WINDOWS\System32\MSASN1.dll
0x00007fff795d0000 - 0x00007fff79799000 	C:\WINDOWS\System32\CRYPT32.dll
0x00007fff63210000 - 0x00007fff63333000 	C:\WINDOWS\SYSTEM32\opengl32.dll
0x00007fff6a3a0000 - 0x00007fff6a3cd000 	C:\WINDOWS\SYSTEM32\GLU32.dll
0x00007fff62d70000 - 0x00007fff62e67000 	C:\WINDOWS\SYSTEM32\DDRAW.dll
0x00007fff6f830000 - 0x00007fff6f838000 	C:\WINDOWS\SYSTEM32\DCIMAN32.dll
0x00007fff46440000 - 0x00007fff47189000 	C:\WINDOWS\System32\DriverStore\FileRepository\igdlh64.inf_amd64_82119d956c80af5a\ig9icd64.dll
0x00007fff75dc0000 - 0x00007fff75dd3000 	C:\WINDOWS\SYSTEM32\WTSAPI32.dll
0x00007fff71760000 - 0x00007fff728bc000 	C:\WINDOWS\System32\DriverStore\FileRepository\igdlh64.inf_amd64_82119d956c80af5a\igc64.dll
0x00007fff604f0000 - 0x00007fff6068b000 	C:\Program Files\Java\jre-10.0.1\bin\awt.dll
0x00007fff71020000 - 0x00007fff7157f000 	C:\WINDOWS\SYSTEM32\d2d1.dll
0x00007fff77490000 - 0x00007fff7750a000 	C:\WINDOWS\SYSTEM32\apphelp.dll
0x00007fff788e0000 - 0x00007fff788f7000 	C:\WINDOWS\SYSTEM32\CRYPTSP.dll
0x00007fff78340000 - 0x00007fff78373000 	C:\WINDOWS\system32\rsaenh.dll
0x00007fff789f0000 - 0x00007fff78a1b000 	C:\WINDOWS\SYSTEM32\bcrypt.dll
0x00007fff785c0000 - 0x00007fff785df000 	C:\WINDOWS\SYSTEM32\USERENV.dll
0x00007fff78900000 - 0x00007fff7890b000 	C:\WINDOWS\SYSTEM32\CRYPTBASE.dll
0x00007fff784c0000 - 0x00007fff784f8000 	C:\WINDOWS\SYSTEM32\IPHLPAPI.DLL
0x00007fff7bb40000 - 0x00007fff7bb48000 	C:\WINDOWS\System32\NSI.dll
0x00007fff74710000 - 0x00007fff74726000 	C:\WINDOWS\SYSTEM32\dhcpcsvc6.DLL
0x00007fff746f0000 - 0x00007fff7470a000 	C:\WINDOWS\SYSTEM32\dhcpcsvc.DLL
0x00007fff6d140000 - 0x00007fff6d19f000 	C:\Users\danei\AppData\Local\Temp\lwjgldanei\3.1.6-build-14\lwjgl_opengl.dll

dbghelp: loaded successfully - version: 4.0.5 - missing functions: none
symbol engine: initialized successfully - sym options: 0x614 - pdb path: .;C:\Program Files\Java\jre-10.0.1\bin;C:\WINDOWS\SYSTEM32;C:\WINDOWS\WinSxS\amd64_microsoft.windows.common-controls_6595b64144ccf1df_6.0.14393.953_none_42151e83c686086b;C:\Program Files\Java\jre-10.0.1\bin\server;C:\Users\danei\AppData\Local\Temp\lwjgldanei\3.1.6-build-14;C:\WINDOWS\System32\DriverStore\FileRepository\igdlh64.inf_amd64_82119d956c80af5a

VM Arguments:
jvm_args: -Dfile.encoding=UTF-8 
java_command: main.Main
java_class_path (initial): C:\Users\danei\OneDrive\IT\WORKSPACE\eclipse\'n Vogl\bin;C:\Users\danei\OneDrive\IT\WORKSPACE\eclipse\'n Vogl\lib\hsqldb.jar;C:\Users\danei\OneDrive\IT\WORKSPACE\eclipse\'n Vogl\lib\lwjgl-glfw-natives-windows.jar;C:\Users\danei\OneDrive\IT\WORKSPACE\eclipse\'n Vogl\lib\lwjgl-glfw.jar;C:\Users\danei\OneDrive\IT\WORKSPACE\eclipse\'n Vogl\lib\lwjgl-natives-windows.jar;C:\Users\danei\OneDrive\IT\WORKSPACE\eclipse\'n Vogl\lib\lwjgl-opengl-natives-windows.jar;C:\Users\danei\OneDrive\IT\WORKSPACE\eclipse\'n Vogl\lib\lwjgl-opengl.jar;C:\Users\danei\OneDrive\IT\WORKSPACE\eclipse\'n Vogl\lib\lwjgl.jar
Launcher Type: SUN_STANDARD

Logging:
Log output configuration:
#0: stdout all=warning uptime,level,tags
#1: stderr all=off uptime,level,tags

Environment Variables:
PATH=C:\Program Files (x86)\Common Files\Oracle\Java\javapath;C:\Program Files (x86)\Intel\iCLS Client\;C:\Program Files\Intel\iCLS Client\;C:\WINDOWS\system32;C:\WINDOWS;C:\WINDOWS\System32\Wbem;C:\WINDOWS\System32\WindowsPowerShell\v1.0\;C:\Program Files (x86)\NVIDIA Corporation\PhysX\Common;C:\Program Files (x86)\Intel\Intel(R) Management Engine Components\DAL;C:\Program Files\Intel\Intel(R) Management Engine Components\DAL;C:\Program Files (x86)\Intel\Intel(R) Management Engine Components\IPT;C:\Program Files\Intel\Intel(R) Management Engine Components\IPT;C:\Program Files\PuTTY\;C:\Users\danei\AppData\Local\Microsoft\WindowsApps;C:\Users\danei\AppData\Local\atom\bin
USERNAME=danei
OS=Windows_NT
PROCESSOR_IDENTIFIER=Intel64 Family 6 Model 94 Stepping 3, GenuineIntel



---------------  S Y S T E M  ---------------

OS: Windows 10 , 64 bit Build 14393 (10.0.14393.2214)

CPU:total 8 (initial active 8) (4 cores per cpu, 2 threads per core) family 6 model 94 stepping 3, cmov, cx8, fxsr, mmx, sse, sse2, sse3, ssse3, sse4.1, sse4.2, popcnt, avx, avx2, aes, clmul, erms, rtm, 3dnowpref, lzcnt, ht, tsc, tscinvbit, bmi1, bmi2, adx, fma

Memory: 4k page, physical 8243676k(3803440k free), swap 10602972k(5300376k free)

vm_info: Java HotSpot(TM) 64-Bit Server VM (10.0.1+10) for windows-amd64 JRE (10.0.1+10), built on Mar 27 2018 02:27:48 by "mach5one" with MS VC++ 12.0 (VS2013)

END.
